
Compiling your contracts...
===========================
> Everything is up to date, there is nothing to compile.



Starting migrations...
======================
> Network name:    'development'
> Network id:      1337
> Block gas limit: 20000000 (0x1312d00)


1_initial_migration.js
======================

   Replacing 'Migrations'
   ----------------------
   > transaction hash:    0xe31dd4711136573af587747778cf4034afaea396df6a89ccd08b72ea05d1bd56
   > Blocks: 0            Seconds: 0
   > contract address:    0x678b8263dE11d2146fA2a67130f39326f607f0D5
   > block number:        4603
   > block timestamp:     1609918924
   > account:             0x90F8bf6A479f320ead074411a4B0e7944Ea8c9C1
   > balance:             9957.4559874012
   > gas used:            128970 (0x1f7ca)
   > gas price:           20 gwei
   > value sent:          0 ETH
   > total cost:          0.0025794 ETH


   > Saving migration to chain.
   > Saving artifacts
   -------------------------------------
   > Total cost:           0.0025794 ETH


2_lendpool_address_provider.js
==============================

   Replacing 'LendingPoolAddressesProvider'
   ----------------------------------------
   > transaction hash:    0x470a9d34b5cc4a9ea879f9ccc0ab1128b23d7df8b4bfd58f38446ccf7dbcce8d
   > Blocks: 0            Seconds: 0
   > contract address:    0x6754ED0256e4F9d151C4621435Bf5223F0415D0B
   > block number:        4605
   > block timestamp:     1609918924
   > account:             0x90F8bf6A479f320ead074411a4B0e7944Ea8c9C1
   > balance:             9957.4234923212
   > gas used:            1582488 (0x182598)
   > gas price:           20 gwei
   > value sent:          0 ETH
   > total cost:          0.03164976 ETH

poolManager 0x90F8bf6A479f320ead074411a4B0e7944Ea8c9C1
LendingPoolAddressProvider address  0x6754ED0256e4F9d151C4621435Bf5223F0415D0B

   > Saving migration to chain.
   > Saving artifacts
   -------------------------------------
   > Total cost:          0.03164976 ETH


3_fee_provider.js
=================

   Replacing 'FeeProvider'
   -----------------------
   > transaction hash:    0x5ffe64a9248a9aec46d2a859f98a3e2b406475cb551d8d5baf7ea7da69af38f0
   > Blocks: 0            Seconds: 0
   > contract address:    0x6Fdb4290Ef18f3dCb07f8578a5aF610593481FEe
   > block number:        4608
   > block timestamp:     1609918925
   > account:             0x90F8bf6A479f320ead074411a4B0e7944Ea8c9C1
   > balance:             9957.4164816012
   > gas used:            278529 (0x44001)
   > gas price:           20 gwei
   > value sent:          0 ETH
   > total cost:          0.00557058 ETH


   > Saving migration to chain.
   > Saving artifacts
   -------------------------------------
   > Total cost:          0.00557058 ETH


4_lendpool_params_provider.js
=============================

   Replacing 'LendingPoolParametersProvider'
   -----------------------------------------
   > transaction hash:    0x76e76818b42a77abe613b033ef47bd49d9286672e7363921aff62014b1570ae3
   > Blocks: 0            Seconds: 0
   > contract address:    0x42d98D7F1cB420980E1C2C4E0fF83D61F7e21cc3
   > block number:        4611
   > block timestamp:     1609918927
   > account:             0x90F8bf6A479f320ead074411a4B0e7944Ea8c9C1
   > balance:             9957.3992979812
   > gas used:            161473 (0x276c1)
   > gas price:           20 gwei
   > value sent:          0 ETH
   > total cost:          0.00322946 ETH


   > Saving migration to chain.
   > Saving artifacts
   -------------------------------------
   > Total cost:          0.00322946 ETH


5_lendingpool_core.js
=====================

   Replacing 'CoreLibrary'
   -----------------------
   > transaction hash:    0x6b45c7ffa0bc680935a7ddd2d76a0e745485a16cb322b172dd072ef32dd92a89
   > Blocks: 0            Seconds: 0
   > contract address:    0xfECBB56Bfe2fDD2Ccd640577E4862e6c73aAa243
   > block number:        4614
   > block timestamp:     1609918928
   > account:             0x90F8bf6A479f320ead074411a4B0e7944Ea8c9C1
   > balance:             9957.3801630612
   > gas used:            279079 (0x44227)
   > gas price:           20 gwei
   > value sent:          0 ETH
   > total cost:          0.00558158 ETH


   Linking
   -------
   * Contract: LendingPoolCore <--> Library: CoreLibrary (at address: 0xfECBB56Bfe2fDD2Ccd640577E4862e6c73aAa243)

   Replacing 'LendingPoolCore'
   ---------------------------
   > transaction hash:    0x7c975929c49d97845148a73c591cf2b4df9027700e9473d368afc911b82164cb
   > Blocks: 0            Seconds: 0
   > contract address:    0x2454665e1C8CAc480dc2f104D1C50Bf351f06B26
   > block number:        4615
   > block timestamp:     1609918928
   > account:             0x90F8bf6A479f320ead074411a4B0e7944Ea8c9C1
   > balance:             9957.2813929212
   > gas used:            4938507 (0x4b5b0b)
   > gas price:           20 gwei
   > value sent:          0 ETH
   > total cost:          0.09877014 ETH


   > Saving migration to chain.
   > Saving artifacts
   -------------------------------------
   > Total cost:          0.10435172 ETH


6_lendingpool_configurator.js
=============================

   Replacing 'LendingPoolConfigurator'
   -----------------------------------
   > transaction hash:    0x974e64c439277beb885c20b9834530bffc90923208f1da8a6746e3d2a2907d89
   > Blocks: 0            Seconds: 0
   > contract address:    0x11Ca52508a31da55b03586D55860ef3c40b7421b
   > block number:        4618
   > block timestamp:     1609918929
   > account:             0x90F8bf6A479f320ead074411a4B0e7944Ea8c9C1
   > balance:             9957.1717774812
   > gas used:            4776875 (0x48e3ab)
   > gas price:           20 gwei
   > value sent:          0 ETH
   > total cost:          0.0955375 ETH


   > Saving migration to chain.
   > Saving artifacts
   -------------------------------------
   > Total cost:           0.0955375 ETH


7_lendingpool_data_provider.js
==============================

   Replacing 'LendingPoolDataProvider'
   -----------------------------------
   > transaction hash:    0x7a4cdd6f4475a08782438ae1d279b1c95ffcbdc13953cf30e4048ac11417c7e6
   > Blocks: 0            Seconds: 0
   > contract address:    0x9D068517B76F02F38fb955493416b23417A2bB3B
   > block number:        4621
   > block timestamp:     1609918931
   > account:             0x90F8bf6A479f320ead074411a4B0e7944Ea8c9C1
   > balance:             9957.1103189012
   > gas used:            2374385 (0x243af1)
   > gas price:           20 gwei
   > value sent:          0 ETH
   > total cost:          0.0474877 ETH


   > Saving migration to chain.
   > Saving artifacts
   -------------------------------------
   > Total cost:           0.0474877 ETH


8_lendingpool.js
================

   Replacing 'LendingPool'
   -----------------------
   > transaction hash:    0xfb9d2dd599fd9662f10eafc550f98fd080e918300791dfc3081e043ec9beb839
   > Blocks: 0            Seconds: 0
   > contract address:    0xA97eeaaEf894623E3B6810b7dFBE222ea6Fd1130
   > block number:        4624
   > block timestamp:     1609918933
   > account:             0x90F8bf6A479f320ead074411a4B0e7944Ea8c9C1
   > balance:             9957.0158626012
   > gas used:            4000620 (0x3d0b6c)
   > gas price:           20 gwei
   > value sent:          0 ETH
   > total cost:          0.0800124 ETH


   > Saving migration to chain.
   > Saving artifacts
   -------------------------------------
   > Total cost:           0.0800124 ETH


9_dist_erc20.js
===============

   Replacing 'MockWBTC'
   --------------------
   > transaction hash:    0x87842c79e704e204b5faea1bcf0866d3cac38ca609291913df214c3bc519a5ba
   > Blocks: 0            Seconds: 0
   > contract address:    0xACEca1f3095de8bf756c6d2157cB3241449D4433
   > block number:        4628
   > block timestamp:     1609918936
   > account:             0x90F8bf6A479f320ead074411a4B0e7944Ea8c9C1
   > balance:             9956.9839989212
   > gas used:            728297 (0xb1ce9)
   > gas price:           20 gwei
   > value sent:          0 ETH
   > total cost:          0.01456594 ETH

WBTC WBTC Coin address: 0xACEca1f3095de8bf756c6d2157cB3241449D4433 8 8000000000000000

   Replacing 'MockDAI'
   -------------------
   > transaction hash:    0xa12692e8045b974131a8b85781ef036cda90dcdb686ba90586303460865fc5f1
   > Blocks: 0            Seconds: 0
   > contract address:    0x75b25C47D9F4a7196ef37ed1175f69C5f6840447
   > block number:        4633
   > block timestamp:     1609918937
   > account:             0x90F8bf6A479f320ead074411a4B0e7944Ea8c9C1
   > balance:             9956.9681262212
   > gas used:            728223 (0xb1c9f)
   > gas price:           20 gwei
   > value sent:          0 ETH
   > total cost:          0.01456446 ETH

DAI DAI address: 0x75b25C47D9F4a7196ef37ed1175f69C5f6840447 18 80000000000000000000000000

   Replacing 'MockBAT'
   -------------------
   > transaction hash:    0x26f228f30e1d3bdce1fe6199baef6c143beadaf00adb355181ea01b77ec38ffa
   > Blocks: 0            Seconds: 0
   > contract address:    0x2cCA735ed9e09598f9aFDFc810e9a87a08894a61
   > block number:        4638
   > block timestamp:     1609918938
   > account:             0x90F8bf6A479f320ead074411a4B0e7944Ea8c9C1
   > balance:             9956.9522467612
   > gas used:            728525 (0xb1dcd)
   > gas price:           20 gwei
   > value sent:          0 ETH
   > total cost:          0.0145705 ETH

BAT Basic Attention Token address: 0x2cCA735ed9e09598f9aFDFc810e9a87a08894a61 18 80000000000000000000000000

   Replacing 'MockUSDT'
   --------------------
   > transaction hash:    0x15fc5b91541c4b692a666f0903ec285f75674232c9f26e576cc589d46a6741be
   > Blocks: 0            Seconds: 0
   > contract address:    0x4EbF7A72A164974c26a3146166233D4CC5856Cc0
   > block number:        4643
   > block timestamp:     1609918939
   > account:             0x90F8bf6A479f320ead074411a4B0e7944Ea8c9C1
   > balance:             9956.9363718612
   > gas used:            728297 (0xb1ce9)
   > gas price:           20 gwei
   > value sent:          0 ETH
   > total cost:          0.01456594 ETH

USDT USDT Coin address: 0x4EbF7A72A164974c26a3146166233D4CC5856Cc0 6 80000000000000

   Replacing 'MockUSDC'
   --------------------
   > transaction hash:    0x18261e5258ddea701b3bf8b93ccd5d1986da5291a5907dabcc1b412823cb2930
   > Blocks: 0            Seconds: 0
   > contract address:    0x8B8960Bc34109C68ff578F80Ac3479656752fA9e
   > block number:        4648
   > block timestamp:     1609918940
   > account:             0x90F8bf6A479f320ead074411a4B0e7944Ea8c9C1
   > balance:             9956.9204980012
   > gas used:            728281 (0xb1cd9)
   > gas price:           20 gwei
   > value sent:          0 ETH
   > total cost:          0.01456562 ETH

USDC USD Coin address: 0x8B8960Bc34109C68ff578F80Ac3479656752fA9e 6 80000000000000

   > Saving migration to chain.
   > Saving artifacts
   -------------------------------------
   > Total cost:          0.07283246 ETH


10_lendingpool_price.js
=======================

   Replacing 'PriceOracle'
   -----------------------
   > transaction hash:    0x9bb1536e4d8fabdef7abd2fbe73292636de4ce0a822c8a821619c98cd1d2a74f
   > Blocks: 0            Seconds: 0
   > contract address:    0x375013F57261c7f30444F1181B412A4a6A2B3f11
   > block number:        4654
   > block timestamp:     1609918944
   > account:             0x90F8bf6A479f320ead074411a4B0e7944Ea8c9C1
   > balance:             9956.9155789012
   > gas used:            153277 (0x256bd)
   > gas price:           20 gwei
   > value sent:          0 ETH
   > total cost:          0.00306554 ETH


   Replacing 'LendingRateOracle'
   -----------------------------
   > transaction hash:    0x450ed78e87838ef08dd1a2068b7f7ea567c731fa338bac95b53349c1996c1582
   > Blocks: 0            Seconds: 0
   > contract address:    0x8213A4f2a8814728cDf2c1C312BA4Fa6a028BF0a
   > block number:        4655
   > block timestamp:     1609918944
   > account:             0x90F8bf6A479f320ead074411a4B0e7944Ea8c9C1
   > balance:             9956.9126649212
   > gas used:            145699 (0x23923)
   > gas price:           20 gwei
   > value sent:          0 ETH
   > total cost:          0.00291398 ETH


   > Saving migration to chain.
   > Saving artifacts
   -------------------------------------
   > Total cost:          0.00597952 ETH


11_lendingpool_strategy.js
==========================

   Replacing 'OptimizedReserveInterestRateStrategy'
   ------------------------------------------------
   > transaction hash:    0x8ab59afb81351b759636b6eea4a9e52e1b1820a009c333ea9505cd5ee6462507
   > Blocks: 0            Seconds: 0
   > contract address:    0xceaD91FD2AFd2b34cbbD16EB89D66f541b3A1B1F
   > block number:        4670
   > block timestamp:     1609918948
   > account:             0x90F8bf6A479f320ead074411a4B0e7944Ea8c9C1
   > balance:             9956.8886782612
   > gas used:            612200 (0x95768)
   > gas price:           20 gwei
   > value sent:          0 ETH
   > total cost:          0.012244 ETH

ETH 0xEeeeeEeeeEeEeeEeEeEeeEEEeeeeEeeeeeeeEEeE

   Replacing 'OptimizedReserveInterestRateStrategy'
   ------------------------------------------------
   > transaction hash:    0x3beb5ddd6e61d0b382a56a2f6ce90c791d70194efb7b0e9154bd830c1c58cb6c
   > Blocks: 0            Seconds: 0
   > contract address:    0x49647960b4432849120AD3C49E8d006E58C01CE5
   > block number:        4676
   > block timestamp:     1609918949
   > account:             0x90F8bf6A479f320ead074411a4B0e7944Ea8c9C1
   > balance:             9956.8292373012
   > gas used:            612200 (0x95768)
   > gas price:           20 gwei
   > value sent:          0 ETH
   > total cost:          0.012244 ETH

DAI 0x75b25C47D9F4a7196ef37ed1175f69C5f6840447 aToken 0x9B74386Ce9b50F9904A6CfeF0b5aA42AEDf7fF6d

   Replacing 'OptimizedReserveInterestRateStrategy'
   ------------------------------------------------
   > transaction hash:    0xd1f6e2408fab8956749ad391a2b8daadaf2ad7eab5568a520dbc9fa642daad9b
   > Blocks: 0            Seconds: 0
   > contract address:    0xb0F61c5036EEECeE74e2F8aadA1947297850e9b0
   > block number:        4682
   > block timestamp:     1609918950
   > account:             0x90F8bf6A479f320ead074411a4B0e7944Ea8c9C1
   > balance:             9956.7698117012
   > gas used:            612200 (0x95768)
   > gas price:           20 gwei
   > value sent:          0 ETH
   > total cost:          0.012244 ETH

BAT 0x2cCA735ed9e09598f9aFDFc810e9a87a08894a61 aToken 0x079ff14B92ab0aaa0e60C8bae114b4AEf42dfA78

   Replacing 'OptimizedReserveInterestRateStrategy'
   ------------------------------------------------
   > transaction hash:    0xd2f00950bcdc705bda35be30f0c429af88acb28e7c2d8bc3efb58b9057a422c8
   > Blocks: 0            Seconds: 0
   > contract address:    0xdF2e4e50037a407f2eB85F83530597960a5e8099
   > block number:        4688
   > block timestamp:     1609918952
   > account:             0x90F8bf6A479f320ead074411a4B0e7944Ea8c9C1
   > balance:             9956.7095277812
   > gas used:            612200 (0x95768)
   > gas price:           20 gwei
   > value sent:          0 ETH
   > total cost:          0.012244 ETH

WBTC 0xACEca1f3095de8bf756c6d2157cB3241449D4433 aToken 0x2862AC422760aaF7Cf01BEdB6D75B9a4628Bcda9

   Replacing 'OptimizedReserveInterestRateStrategy'
   ------------------------------------------------
   > transaction hash:    0x4f2accc878eb8356b4147b65cad38b9d5cdb7c05d77355690658abbd41bc1712
   > Blocks: 0            Seconds: 0
   > contract address:    0x76eD82E7e706944437F6970f78D2f1bfC32280bc
   > block number:        4694
   > block timestamp:     1609918953
   > account:             0x90F8bf6A479f320ead074411a4B0e7944Ea8c9C1
   > balance:             9956.6499983012
   > gas used:            612200 (0x95768)
   > gas price:           20 gwei
   > value sent:          0 ETH
   > total cost:          0.012244 ETH

USDT 0x4EbF7A72A164974c26a3146166233D4CC5856Cc0 aToken 0x3d154d35cF5DAa5D256DC599bacc94D241A95dd1

   Replacing 'OptimizedReserveInterestRateStrategy'
   ------------------------------------------------
   > transaction hash:    0xa518690eab994818369707ff6a50eb929bb758e87e1c99a27b380771258b125c
   > Blocks: 0            Seconds: 0
   > contract address:    0x81d7A8E77930E82115a228584E7017F6D59fbd02
   > block number:        4700
   > block timestamp:     1609918954
   > account:             0x90F8bf6A479f320ead074411a4B0e7944Ea8c9C1
   > balance:             9956.5904170012
   > gas used:            612200 (0x95768)
   > gas price:           20 gwei
   > value sent:          0 ETH
   > total cost:          0.012244 ETH

USDC 0x8B8960Bc34109C68ff578F80Ac3479656752fA9e aToken 0x680D115d007F9C21FBCFe08ADDCd0Dd1dEcc609b

   > Saving migration to chain.
   > Saving artifacts
   -------------------------------------
   > Total cost:            0.073464 ETH


12_lp_liquidatino_manager.js
============================

   Replacing 'LendingPoolLiquidationManager'
   -----------------------------------------
   > transaction hash:    0x2054712140e7b910b5825ade93c54a0d45ac542c17da4c48131f5125797c8062
   > Blocks: 0            Seconds: 0
   > contract address:    0x07dC122f879bD6067a5De7362dF7CDA24Ed90107
   > block number:        4708
   > block timestamp:     1609918956
   > account:             0x90F8bf6A479f320ead074411a4B0e7944Ea8c9C1
   > balance:             9956.5120539612
   > gas used:            1457446 (0x163d26)
   > gas price:           20 gwei
   > value sent:          0 ETH
   > total cost:          0.02914892 ETH


   > Saving migration to chain.
   > Saving artifacts
   -------------------------------------
   > Total cost:          0.02914892 ETH


13_wallet_balance_provider.js
=============================

   > Saving migration to chain.
   -------------------------------------
   > Total cost:                   0 ETH


14_token_distributor.js
=======================

   Re-using deployed 'TokenDistributor'
   ------------------------------------
   > contract address:    0xF270FAe6f98a285e8b98D3289Cf88915A318B7E5


   > Saving migration to chain.
   -------------------------------------
   > Total cost:                   0 ETH


18_approve.js
=============
WBTC alice userReserve.currentATokenBalance 200000
WBTC alice getReserveData  Decimals(8) totalLiquidity 400000 availableLiquidity 300000 totalBorrowsStable 0 totalBorrowsVariable 100000 
WBTC alice getReserveData  Decimals(8) ltv 75 liquidationThreshold 85 liquidationBonus 105 borrowingEnabled true  

DAI alice userReserve.currentATokenBalance 200000
DAI alice getReserveData  Decimals(18) totalLiquidity 400000 availableLiquidity 300000 totalBorrowsStable 0 totalBorrowsVariable 100000 
DAI alice getReserveData  Decimals(18) ltv 75 liquidationThreshold 85 liquidationBonus 105 borrowingEnabled true  

BAT alice userReserve.currentATokenBalance 200000
BAT alice getReserveData  Decimals(18) totalLiquidity 400000 availableLiquidity 300000 totalBorrowsStable 0 totalBorrowsVariable 100000 
BAT alice getReserveData  Decimals(18) ltv 75 liquidationThreshold 85 liquidationBonus 105 borrowingEnabled true  

USDT alice userReserve.currentATokenBalance 200000
USDT alice getReserveData  Decimals(6) totalLiquidity 400000 availableLiquidity 300000 totalBorrowsStable 0 totalBorrowsVariable 100000 
USDT alice getReserveData  Decimals(6) ltv 75 liquidationThreshold 85 liquidationBonus 105 borrowingEnabled true  

USDC alice userReserve.currentATokenBalance 200000
USDC alice getReserveData  Decimals(6) totalLiquidity 400000 availableLiquidity 300000 totalBorrowsStable 0 totalBorrowsVariable 100000 
USDC alice getReserveData  Decimals(6) ltv 75 liquidationThreshold 85 liquidationBonus 105 borrowingEnabled true  

alice getUserAccountData totalLiquidityETH 1971 totalCollateralETH 1971 totalBorrowsETH 660 availableBorrowsETH 816

   > Saving migration to chain.
   -------------------------------------
   > Total cost:                   0 ETH


Summary
=======
> Total deployments:   23
> Final cost:          0.55184342 ETH


